This is pdfTeX, Version 3.14159265-2.6-1.40.19 (MiKTeX 2.9.6730) (preloaded format=pdflatex 2018.8.28)  2 APR 2019 21:11
entering extended mode
**./Project2_Caimans.tex
(Project2_Caimans.tex
LaTeX2e <2018-04-01> patch level 5

("/Users/zanebillings/Library/Application Support/MiKTeX/texmfs/install/tex/lat
ex/base/article.cls"
Document Class: article 2014/09/29 v1.4h Standard LaTeX document class

("/Users/zanebillings/Library/Application Support/MiKTeX/texmfs/install/tex/lat
ex/base/size10.clo"
File: size10.clo 2014/09/29 v1.4h Standard LaTeX file (size option)
)
\c@part=\count80
\c@section=\count81
\c@subsection=\count82
\c@subsubsection=\count83
\c@paragraph=\count84
\c@subparagraph=\count85
\c@figure=\count86
\c@table=\count87
\abovecaptionskip=\skip41
\belowcaptionskip=\skip42
\bibindent=\dimen102
)
("/Users/zanebillings/Library/Application Support/MiKTeX/texmfs/install/tex/lat
ex/amsmath/amsmath.sty"
Package: amsmath 2017/09/02 v2.17a AMS math features
\@mathmargin=\skip43

For additional information on amsmath, use the `?' option.

("/Users/zanebillings/Library/Application Support/MiKTeX/texmfs/install/tex/lat
ex/amsmath/amstext.sty"
Package: amstext 2000/06/29 v2.01 AMS text

("/Users/zanebillings/Library/Application Support/MiKTeX/texmfs/install/tex/lat
ex/amsmath/amsgen.sty"
File: amsgen.sty 1999/11/30 v2.0 generic functions
\@emptytoks=\toks14
\ex@=\dimen103
))
("/Users/zanebillings/Library/Application Support/MiKTeX/texmfs/install/tex/lat
ex/amsmath/amsbsy.sty"
Package: amsbsy 1999/11/29 v1.2d Bold Symbols
\pmbraise@=\dimen104
)
("/Users/zanebillings/Library/Application Support/MiKTeX/texmfs/install/tex/lat
ex/amsmath/amsopn.sty"
Package: amsopn 2016/03/08 v2.02 operator names
)
\inf@bad=\count88
LaTeX Info: Redefining \frac on input line 213.
\uproot@=\count89
\leftroot@=\count90
LaTeX Info: Redefining \overline on input line 375.
\classnum@=\count91
\DOTSCASE@=\count92
LaTeX Info: Redefining \ldots on input line 472.
LaTeX Info: Redefining \dots on input line 475.
LaTeX Info: Redefining \cdots on input line 596.
\Mathstrutbox@=\box26
\strutbox@=\box27
\big@size=\dimen105
LaTeX Font Info:    Redeclaring font encoding OML on input line 712.
LaTeX Font Info:    Redeclaring font encoding OMS on input line 713.
\macc@depth=\count93
\c@MaxMatrixCols=\count94
\dotsspace@=\muskip10
\c@parentequation=\count95
\dspbrk@lvl=\count96
\tag@help=\toks15
\row@=\count97
\column@=\count98
\maxfields@=\count99
\andhelp@=\toks16
\eqnshift@=\dimen106
\alignsep@=\dimen107
\tagshift@=\dimen108
\tagwidth@=\dimen109
\totwidth@=\dimen110
\lineht@=\dimen111
\@envbody=\toks17
\multlinegap=\skip44
\multlinetaggap=\skip45
\mathdisplay@stack=\toks18
LaTeX Info: Redefining \[ on input line 2817.
LaTeX Info: Redefining \] on input line 2818.
)
("/Users/zanebillings/Library/Application Support/MiKTeX/texmfs/install/tex/lat
ex/amsfonts/amssymb.sty"
Package: amssymb 2013/01/14 v3.01 AMS font symbols

("/Users/zanebillings/Library/Application Support/MiKTeX/texmfs/install/tex/lat
ex/amsfonts/amsfonts.sty"
Package: amsfonts 2013/01/14 v3.01 Basic AMSFonts support
\symAMSa=\mathgroup4
\symAMSb=\mathgroup5
LaTeX Font Info:    Overwriting math alphabet `\mathfrak' in version `bold'
(Font)                  U/euf/m/n --> U/euf/b/n on input line 106.
))
("/Users/zanebillings/Library/Application Support/MiKTeX/texmfs/install/tex/lat
ex/mathtools/mathtools.sty"
Package: mathtools 2018/01/08 v1.21 mathematical typesetting tools

("/Users/zanebillings/Library/Application Support/MiKTeX/texmfs/install/tex/lat
ex/graphics/keyval.sty"
Package: keyval 2014/10/28 v1.15 key=value parser (DPC)
\KV@toks@=\toks19
)
("/Users/zanebillings/Library/Application Support/MiKTeX/texmfs/install/tex/lat
ex/tools/calc.sty"
Package: calc 2017/05/25 v4.3 Infix arithmetic (KKT,FJ)
\calc@Acount=\count100
\calc@Bcount=\count101
\calc@Adimen=\dimen112
\calc@Bdimen=\dimen113
\calc@Askip=\skip46
\calc@Bskip=\skip47
LaTeX Info: Redefining \setlength on input line 80.
LaTeX Info: Redefining \addtolength on input line 81.
\calc@Ccount=\count102
\calc@Cskip=\skip48
)
("/Users/zanebillings/Library/Application Support/MiKTeX/texmfs/install/tex/lat
ex/mathtools/mhsetup.sty"
Package: mhsetup 2017/03/31 v1.3 programming setup (MH)
)
LaTeX Info: Thecontrolsequence`\('isalreadyrobust on input line 129.
LaTeX Info: Thecontrolsequence`\)'isalreadyrobust on input line 129.
LaTeX Info: Thecontrolsequence`\['isalreadyrobust on input line 129.
LaTeX Info: Thecontrolsequence`\]'isalreadyrobust on input line 129.
\g_MT_multlinerow_int=\count103
\l_MT_multwidth_dim=\dimen114
\origjot=\skip49
\l_MT_shortvdotswithinadjustabove_dim=\dimen115
\l_MT_shortvdotswithinadjustbelow_dim=\dimen116
\l_MT_above_intertext_sep=\dimen117
\l_MT_below_intertext_sep=\dimen118
\l_MT_above_shortintertext_sep=\dimen119
\l_MT_below_shortintertext_sep=\dimen120
)
("/Users/zanebillings/Library/Application Support/MiKTeX/texmfs/install/tex/lat
ex/tools/array.sty"
Package: array 2018/04/30 v2.4h Tabular extension package (FMi)
\col@sep=\dimen121
\ar@mcellbox=\box28
\extrarowheight=\dimen122
\NC@list=\toks20
\extratabsurround=\skip50
\backup@length=\skip51
\ar@cellbox=\box29
)
("/Users/zanebillings/Library/Application Support/MiKTeX/texmfs/install/tex/lat
ex/booktabs/booktabs.sty"
Package: booktabs 2005/04/14 v1.61803 publication quality tables
\heavyrulewidth=\dimen123
\lightrulewidth=\dimen124
\cmidrulewidth=\dimen125
\belowrulesep=\dimen126
\belowbottomsep=\dimen127
\aboverulesep=\dimen128
\abovetopsep=\dimen129
\cmidrulesep=\dimen130
\cmidrulekern=\dimen131
\defaultaddspace=\dimen132
\@cmidla=\count104
\@cmidlb=\count105
\@aboverulesep=\dimen133
\@belowrulesep=\dimen134
\@thisruleclass=\count106
\@lastruleclass=\count107
\@thisrulewidth=\dimen135
)
("/Users/zanebillings/Library/Application Support/MiKTeX/texmfs/install/tex/lat
ex/geometry/geometry.sty"
Package: geometry 2018/04/16 v5.8 Page Geometry

("/Users/zanebillings/Library/Application Support/MiKTeX/texmfs/install/tex/gen
eric/oberdiek/ifpdf.sty"
Package: ifpdf 2017/03/15 v3.2 Provides the ifpdf switch
)
("/Users/zanebillings/Library/Application Support/MiKTeX/texmfs/install/tex/gen
eric/oberdiek/ifvtex.sty"
Package: ifvtex 2016/05/16 v1.6 Detect VTeX and its facilities (HO)
Package ifvtex Info: VTeX not detected.
)
("/Users/zanebillings/Library/Application Support/MiKTeX/texmfs/install/tex/gen
eric/ifxetex/ifxetex.sty"
Package: ifxetex 2010/09/12 v0.6 Provides ifxetex conditional
)
\Gm@cnth=\count108
\Gm@cntv=\count109
\c@Gm@tempcnt=\count110
\Gm@bindingoffset=\dimen136
\Gm@wd@mp=\dimen137
\Gm@odd@mp=\dimen138
\Gm@even@mp=\dimen139
\Gm@layoutwidth=\dimen140
\Gm@layoutheight=\dimen141
\Gm@layouthoffset=\dimen142
\Gm@layoutvoffset=\dimen143
\Gm@dimlist=\toks21

("/Users/zanebillings/Library/Application Support/MiKTeX/texmfs/install/tex/lat
ex/geometry/geometry.cfg"))
("/Users/zanebillings/Library/Application Support/MiKTeX/texmfs/install/tex/lat
ex/graphics/graphicx.sty"
Package: graphicx 2017/06/01 v1.1a Enhanced LaTeX Graphics (DPC,SPQR)

("/Users/zanebillings/Library/Application Support/MiKTeX/texmfs/install/tex/lat
ex/graphics/graphics.sty"
Package: graphics 2017/06/25 v1.2c Standard LaTeX Graphics (DPC,SPQR)

("/Users/zanebillings/Library/Application Support/MiKTeX/texmfs/install/tex/lat
ex/graphics/trig.sty"
Package: trig 2016/01/03 v1.10 sin cos tan (DPC)
)
("/Users/zanebillings/Library/Application Support/MiKTeX/texmfs/install/tex/lat
ex/graphics-cfg/graphics.cfg"
File: graphics.cfg 2016/06/04 v1.11 sample graphics configuration
)
Package graphics Info: Driver file: pdftex.def on input line 99.

("/Users/zanebillings/Library/Application Support/MiKTeX/texmfs/install/tex/lat
ex/graphics-def/pdftex.def"
File: pdftex.def 2018/01/08 v1.0l Graphics/color driver for pdftex
))
\Gin@req@height=\dimen144
\Gin@req@width=\dimen145
)
("/Users/zanebillings/Library/Application Support/MiKTeX/texmfs/install/tex/lat
ex/parskip/parskip.sty"
Package: parskip 2018-08-24 v2.0a non-zero parskip adjustments

("/Users/zanebillings/Library/Application Support/MiKTeX/texmfs/install/tex/lat
ex/oberdiek/kvoptions.sty"
Package: kvoptions 2016/05/16 v3.12 Key value format for package options (HO)

("/Users/zanebillings/Library/Application Support/MiKTeX/texmfs/install/tex/gen
eric/oberdiek/ltxcmds.sty"
Package: ltxcmds 2016/05/16 v1.23 LaTeX kernel commands for general use (HO)
)
("/Users/zanebillings/Library/Application Support/MiKTeX/texmfs/install/tex/gen
eric/oberdiek/kvsetkeys.sty"
Package: kvsetkeys 2016/05/16 v1.17 Key value parser (HO)

("/Users/zanebillings/Library/Application Support/MiKTeX/texmfs/install/tex/gen
eric/oberdiek/infwarerr.sty"
Package: infwarerr 2016/05/16 v1.4 Providing info/warning/error messages (HO)
)
("/Users/zanebillings/Library/Application Support/MiKTeX/texmfs/install/tex/gen
eric/oberdiek/etexcmds.sty"
Package: etexcmds 2016/05/16 v1.6 Avoid name clashes with e-TeX commands (HO)

("/Users/zanebillings/Library/Application Support/MiKTeX/texmfs/install/tex/gen
eric/oberdiek/ifluatex.sty"
Package: ifluatex 2016/05/16 v1.4 Provides the ifluatex switch (HO)
Package ifluatex Info: LuaTeX not detected.
)
Package etexcmds Info: Could not find \expanded.
(etexcmds)             That can mean that you are not using pdfTeX 1.50 or
(etexcmds)             that some package has redefined \expanded.
(etexcmds)             In the latter case, load this package earlier.
)))
("/Users/zanebillings/Library/Application Support/MiKTeX/texmfs/install/tex/lat
ex/etoolbox/etoolbox.sty"
Package: etoolbox 2018/08/19 v2.5f e-TeX tools for LaTeX (JAW)
\etb@tempcnta=\count111
))
("/Users/zanebillings/Library/Application Support/MiKTeX/texmfs/install/tex/lat
ex/microtype/microtype.sty"
Package: microtype 2018/01/14 v2.7a Micro-typographical refinements (RS)
\MT@toks=\toks22
\MT@count=\count112
LaTeX Info: Redefining \textls on input line 793.
\MT@outer@kern=\dimen146
LaTeX Info: Redefining \textmicrotypecontext on input line 1339.
\MT@listname@count=\count113

("/Users/zanebillings/Library/Application Support/MiKTeX/texmfs/install/tex/lat
ex/microtype/microtype-pdftex.def"
File: microtype-pdftex.def 2018/01/14 v2.7a Definitions specific to pdftex (RS)

LaTeX Info: Redefining \lsstyle on input line 913.
LaTeX Info: Redefining \lslig on input line 913.
\MT@outer@space=\skip52
)
Package microtype Info: Loading configuration file microtype.cfg.

("/Users/zanebillings/Library/Application Support/MiKTeX/texmfs/install/tex/lat
ex/microtype/microtype.cfg"
File: microtype.cfg 2018/01/14 v2.7a microtype main configuration file (RS)
)) (Project2_Caimans.aux)
\openout1 = `Project2_Caimans.aux'.

LaTeX Font Info:    Checking defaults for OML/cmm/m/it on input line 15.
LaTeX Font Info:    ... okay on input line 15.
LaTeX Font Info:    Checking defaults for T1/cmr/m/n on input line 15.
LaTeX Font Info:    ... okay on input line 15.
LaTeX Font Info:    Checking defaults for OT1/cmr/m/n on input line 15.
LaTeX Font Info:    ... okay on input line 15.
LaTeX Font Info:    Checking defaults for OMS/cmsy/m/n on input line 15.
LaTeX Font Info:    ... okay on input line 15.
LaTeX Font Info:    Checking defaults for OMX/cmex/m/n on input line 15.
LaTeX Font Info:    ... okay on input line 15.
LaTeX Font Info:    Checking defaults for U/cmr/m/n on input line 15.
LaTeX Font Info:    ... okay on input line 15.

*geometry* driver: auto-detecting
*geometry* detected driver: pdftex
*geometry* verbose mode - [ preamble ] result:
* driver: pdftex
* paper: <default>
* layout: <same size as paper>
* layoutoffset:(h,v)=(0.0pt,0.0pt)
* modes: 
* h-part:(L,W,R)=(72.26999pt, 469.75502pt, 72.26999pt)
* v-part:(T,H,B)=(72.26999pt, 650.43001pt, 72.26999pt)
* \paperwidth=614.295pt
* \paperheight=794.96999pt
* \textwidth=469.75502pt
* \textheight=650.43001pt
* \oddsidemargin=0.0pt
* \evensidemargin=0.0pt
* \topmargin=-37.0pt
* \headheight=12.0pt
* \headsep=25.0pt
* \topskip=10.0pt
* \footskip=30.0pt
* \marginparwidth=65.0pt
* \marginparsep=11.0pt
* \columnsep=10.0pt
* \skip\footins=9.0pt plus 4.0pt minus 2.0pt
* \hoffset=0.0pt
* \voffset=0.0pt
* \mag=1000
* \@twocolumnfalse
* \@twosidefalse
* \@mparswitchfalse
* \@reversemarginfalse
* (1in=72.27pt=25.4mm, 1cm=28.453pt)


("/Users/zanebillings/Library/Application Support/MiKTeX/texmfs/install/tex/con
text/base/supp-pdf.mkii"
[Loading MPS to PDF converter (version 2006.09.02).]
\scratchcounter=\count114
\scratchdimen=\dimen147
\scratchbox=\box30
\nofMPsegments=\count115
\nofMParguments=\count116
\everyMPshowfont=\toks23
\MPscratchCnt=\count117
\MPscratchDim=\dimen148
\MPnumerator=\count118
\makeMPintoPDFobject=\count119
\everyMPtoPDFconversion=\toks24
)
("/Users/zanebillings/Library/Application Support/MiKTeX/texmfs/install/tex/lat
ex/oberdiek/epstopdf-base.sty"
Package: epstopdf-base 2016/05/15 v2.6 Base part for package epstopdf

("/Users/zanebillings/Library/Application Support/MiKTeX/texmfs/install/tex/lat
ex/oberdiek/grfext.sty"
Package: grfext 2016/05/16 v1.2 Manage graphics extensions (HO)

("/Users/zanebillings/Library/Application Support/MiKTeX/texmfs/install/tex/gen
eric/oberdiek/kvdefinekeys.sty"
Package: kvdefinekeys 2016/05/16 v1.4 Define keys (HO)
))
("/Users/zanebillings/Library/Application Support/MiKTeX/texmfs/install/tex/gen
eric/oberdiek/pdftexcmds.sty"
Package: pdftexcmds 2018/01/30 v0.27 Utility functions of pdfTeX for LuaTeX (HO
)
Package pdftexcmds Info: LuaTeX not detected.
Package pdftexcmds Info: \pdf@primitive is available.
Package pdftexcmds Info: \pdf@ifprimitive is available.
Package pdftexcmds Info: \pdfdraftmode found.
)
Package epstopdf-base Info: Redefining graphics rule for `.eps' on input line 4
38.
Package grfext Info: Graphics extension search list:
(grfext)             [.pdf,.png,.jpg,.mps,.jpeg,.jbig2,.jb2,.PDF,.PNG,.JPG,.JPE
G,.JBIG2,.JB2,.eps]
(grfext)             \AppendGraphicsExtensions on input line 456.
)
LaTeX Info: Redefining \microtypecontext on input line 15.
Package microtype Info: Generating PDF output.
Package microtype Info: Character protrusion enabled (level 2).
Package microtype Info: Using default protrusion set `alltext'.
Package microtype Info: Automatic font expansion enabled (level 2),
(microtype)             stretch: 20, shrink: 20, step: 1, non-selected.
Package microtype Info: Using default expansion set `basictext'.
Package microtype Info: No adjustment of tracking.
Package microtype Info: No adjustment of interword spacing.
Package microtype Info: No adjustment of character kerning.

("/Users/zanebillings/Library/Application Support/MiKTeX/texmfs/install/tex/lat
ex/microtype/mt-cmr.cfg"
File: mt-cmr.cfg 2013/05/19 v2.2 microtype config. file: Computer Modern Roman 
(RS)
)
<caiman.jpg, id=1, 752.8125pt x 587.19376pt>
File: caiman.jpg Graphic file (type jpg)
<use caiman.jpg>
Package pdftex.def Info: caiman.jpg  used on input line 24.
(pdftex.def)             Requested size: 289.07999pt x 225.48341pt.
 (Project2_Caimans.toc
LaTeX Font Info:    Try loading font information for U+msa on input line 4.

("/Users/zanebillings/Library/Application Support/MiKTeX/texmfs/install/tex/lat
ex/amsfonts/umsa.fd"
File: umsa.fd 2013/01/14 v3.01 AMS symbols A
)
("/Users/zanebillings/Library/Application Support/MiKTeX/texmfs/install/tex/lat
ex/microtype/mt-msa.cfg"
File: mt-msa.cfg 2006/02/04 v1.1 microtype config. file: AMS symbols (a) (RS)
)
LaTeX Font Info:    Try loading font information for U+msb on input line 4.

("/Users/zanebillings/Library/Application Support/MiKTeX/texmfs/install/tex/lat
ex/amsfonts/umsb.fd"
File: umsb.fd 2013/01/14 v3.01 AMS symbols B
)
("/Users/zanebillings/Library/Application Support/MiKTeX/texmfs/install/tex/lat
ex/microtype/mt-msb.cfg"
File: mt-msb.cfg 2005/06/01 v1.0 microtype config. file: AMS symbols (b) (RS)
))
\tf@toc=\write3
\openout3 = `Project2_Caimans.toc'.

 [1

{/Users/zanebillings/Library/Application Support/MiKTeX/texmfs/data/pdftex/conf
ig/pdftex.map} <./caiman.jpg>] [1] [2] [3]
[4] [5] [6] [7] (Project2_Caimans.bbl) [8]
<full3d.png, id=44, 1259.70625pt x 1266.7325pt>
File: full3d.png Graphic file (type png)
<use full3d.png>
Package pdftex.def Info: full3d.png  used on input line 371.
(pdftex.def)             Requested size: 422.77664pt x 425.136pt.
<fullxy.png, id=45, 1259.70625pt x 1258.7025pt>
File: fullxy.png Graphic file (type png)
<use fullxy.png>
Package pdftex.def Info: fullxy.png  used on input line 373.
(pdftex.def)             Requested size: 140.92793pt x 140.80086pt.
<fullxz.png, id=46, 1259.70625pt x 1258.7025pt>
File: fullxz.png Graphic file (type png)
<use fullxz.png>
Package pdftex.def Info: fullxz.png  used on input line 374.
(pdftex.def)             Requested size: 140.92793pt x 140.80086pt.
<fullyz.png, id=47, 1259.70625pt x 1258.7025pt>
File: fullyz.png Graphic file (type png)
<use fullyz.png>
Package pdftex.def Info: fullyz.png  used on input line 375.
(pdftex.def)             Requested size: 140.92793pt x 140.80086pt.
 [9 <./full3d.png (PNG copy)> <./fullxy.png (PNG copy)> <./fullxz.png (PNG copy
)> <./fullyz.png (PNG copy)>]
<firsteqpoint3d.png, id=51, 1259.70625pt x 1294.8375pt>
File: firsteqpoint3d.png Graphic file (type png)
<use firsteqpoint3d.png>
Package pdftex.def Info: firsteqpoint3d.png  used on input line 385.
(pdftex.def)             Requested size: 422.77664pt x 434.5685pt.
<firsteqpointxy.png, id=52, 1259.70625pt x 1258.7025pt>
File: firsteqpointxy.png Graphic file (type png)
<use firsteqpointxy.png>
Package pdftex.def Info: firsteqpointxy.png  used on input line 387.
(pdftex.def)             Requested size: 140.92793pt x 140.80086pt.
<firsteqpointxz.png, id=53, 1259.70625pt x 1258.7025pt>
File: firsteqpointxz.png Graphic file (type png)
<use firsteqpointxz.png>
Package pdftex.def Info: firsteqpointxz.png  used on input line 388.
(pdftex.def)             Requested size: 140.92793pt x 140.80086pt.
<firsteqpointyz.png, id=54, 1259.70625pt x 1258.7025pt>
File: firsteqpointyz.png Graphic file (type png)
<use firsteqpointyz.png>
Package pdftex.def Info: firsteqpointyz.png  used on input line 389.
(pdftex.def)             Requested size: 140.92793pt x 140.80086pt.

[10 <./firsteqpoint3d.png (PNG copy)> <./firsteqpointxy.png (PNG copy)> <./firs
teqpointxz.png (PNG copy)> <./firsteqpointyz.png (PNG copy)>]
<secondeqpoint3d.png, id=58, 786.94pt x 779.91376pt>
File: secondeqpoint3d.png Graphic file (type png)
<use secondeqpoint3d.png>
Package pdftex.def Info: secondeqpoint3d.png  used on input line 399.
(pdftex.def)             Requested size: 422.77664pt x 418.99316pt.
<secondeqpointxy.png, id=59, 1259.70625pt x 1258.7025pt>
File: secondeqpointxy.png Graphic file (type png)
<use secondeqpointxy.png>
Package pdftex.def Info: secondeqpointxy.png  used on input line 401.
(pdftex.def)             Requested size: 140.92793pt x 140.80086pt.
<secondeqpointxz.png, id=60, 1259.70625pt x 1258.7025pt>
File: secondeqpointxz.png Graphic file (type png)
<use secondeqpointxz.png>
Package pdftex.def Info: secondeqpointxz.png  used on input line 402.
(pdftex.def)             Requested size: 140.92793pt x 140.80086pt.
<secondeqpointyz.png, id=61, 1259.70625pt x 1258.7025pt>
File: secondeqpointyz.png Graphic file (type png)
<use secondeqpointyz.png>
Package pdftex.def Info: secondeqpointyz.png  used on input line 403.
(pdftex.def)             Requested size: 140.92793pt x 140.80086pt.
 [11 <./secondeqpoint3d.png (PNG copy)> <./secondeqpointxy.png (PNG copy)> <./s
econdeqpointxz.png (PNG copy)> <./secondeqpointyz.png (PNG copy)>]
<thirdeqpoint3d.png, id=65, 786.94pt x 744.7825pt>
File: thirdeqpoint3d.png Graphic file (type png)
<use thirdeqpoint3d.png>
Package pdftex.def Info: thirdeqpoint3d.png  used on input line 413.
(pdftex.def)             Requested size: 422.77664pt x 400.1196pt.
<thirdeqpointxy.png, id=66, 1259.70625pt x 1258.7025pt>
File: thirdeqpointxy.png Graphic file (type png)
<use thirdeqpointxy.png>
Package pdftex.def Info: thirdeqpointxy.png  used on input line 415.
(pdftex.def)             Requested size: 140.92793pt x 140.80086pt.
<thirdeqpointxz.png, id=67, 1259.70625pt x 1258.7025pt>
File: thirdeqpointxz.png Graphic file (type png)
<use thirdeqpointxz.png>
Package pdftex.def Info: thirdeqpointxz.png  used on input line 416.
(pdftex.def)             Requested size: 140.92793pt x 140.80086pt.
<thirdeqpointyz.png, id=68, 1259.70625pt x 1258.7025pt>
File: thirdeqpointyz.png Graphic file (type png)
<use thirdeqpointyz.png>
Package pdftex.def Info: thirdeqpointyz.png  used on input line 417.
(pdftex.def)             Requested size: 140.92793pt x 140.80086pt.
 [12 <./thirdeqpoint3d.png (PNG copy)> <./thirdeqpointxy.png (PNG copy)> <./thi
rdeqpointxz.png (PNG copy)> <./thirdeqpointyz.png (PNG copy)>]
<fourtheqpoint3d.png, id=73, 786.94pt x 782.925pt>
File: fourtheqpoint3d.png Graphic file (type png)
<use fourtheqpoint3d.png>
Package pdftex.def Info: fourtheqpoint3d.png  used on input line 427.
(pdftex.def)             Requested size: 422.77664pt x 420.6109pt.
<fourtheqpointxy.png, id=74, 786.94pt x 785.93625pt>
File: fourtheqpointxy.png Graphic file (type png)
<use fourtheqpointxy.png>
Package pdftex.def Info: fourtheqpointxy.png  used on input line 429.
(pdftex.def)             Requested size: 140.92793pt x 140.74287pt.
<fourtheqpointxz.png, id=75, 786.94pt x 785.93625pt>
File: fourtheqpointxz.png Graphic file (type png)
<use fourtheqpointxz.png>
Package pdftex.def Info: fourtheqpointxz.png  used on input line 430.
(pdftex.def)             Requested size: 140.92793pt x 140.74287pt.
<fourtheqpointyz.png, id=76, 786.94pt x 785.93625pt>
File: fourtheqpointyz.png Graphic file (type png)
<use fourtheqpointyz.png>
Package pdftex.def Info: fourtheqpointyz.png  used on input line 431.
(pdftex.def)             Requested size: 140.92793pt x 140.74287pt.
 [13 <./fourtheqpoint3d.png (PNG copy)> <./fourtheqpointxy.png (PNG copy)> <./f
ourtheqpointxz.png (PNG copy)> <./fourtheqpointyz.png (PNG copy)>]
<gammasensitivity.png, id=80, 1259.70625pt x 794.97pt>
File: gammasensitivity.png Graphic file (type png)
<use gammasensitivity.png>
Package pdftex.def Info: gammasensitivity.png  used on input line 440.
(pdftex.def)             Requested size: 422.77664pt x 266.80484pt.
<betasensitivity.png, id=81, 1259.70625pt x 794.97pt>
File: betasensitivity.png Graphic file (type png)
<use betasensitivity.png>
Package pdftex.def Info: betasensitivity.png  used on input line 447.
(pdftex.def)             Requested size: 422.77664pt x 266.80484pt.
 [14 <./gammasensitivity.png (PNG copy)> <./betasensitivity.png (PNG copy)>] (P
roject2_Caimans.aux) ) 
Here is how much of TeX's memory you used:
 5627 strings out of 494891
 89210 string characters out of 3176565
 196290 words of memory out of 3000000
 9046 multiletter control sequences out of 15000+200000
 14309 words of font info for 91 fonts, out of 3000000 for 9000
 0 hyphenation exceptions out of 8191
 37i,9n,38p,1181b,223s stack positions out of 5000i,500n,10000p,200000b,50000s
</Users/zanebillings/Library/Application Support/MiKTeX/t
exmfs/install/fonts/type1/public/amsfonts/cm/cmbx10.pfb></Users/zanebillings/Li
brary/Application Support/MiKTeX/texmfs/install/fonts/type1/public/amsfonts/cm/
cmbx12.pfb></Users/zanebillings/Library/Application Support/MiKTeX/texmfs/insta
ll/fonts/type1/public/amsfonts/cm/cmex10.pfb></Users/zanebillings/Library/Appli
cation Support/MiKTeX/texmfs/install/fonts/type1/public/amsfonts/cm/cmmi10.pfb>
</Users/zanebillings/Library/Application Support/MiKTeX/texmfs/install/fonts/ty
pe1/public/amsfonts/cm/cmmi12.pfb></Users/zanebillings/Library/Application Supp
ort/MiKTeX/texmfs/install/fonts/type1/public/amsfonts/cm/cmmi7.pfb></Users/zane
billings/Library/Application Support/MiKTeX/texmfs/install/fonts/type1/public/a
msfonts/cm/cmr10.pfb></Users/zanebillings/Library/Application Support/MiKTeX/te
xmfs/install/fonts/type1/public/amsfonts/cm/cmr12.pfb></Users/zanebillings/Libr
ary/Application Support/MiKTeX/texmfs/install/fonts/type1/public/amsfonts/cm/cm
r17.pfb></Users/zanebillings/Library/Application Support/MiKTeX/texmfs/install/
fonts/type1/public/amsfonts/cm/cmr7.pfb></Users/zanebillings/Library/Applicatio
n Support/MiKTeX/texmfs/install/fonts/type1/public/amsfonts/cm/cmsy10.pfb></Use
rs/zanebillings/Library/Application Support/MiKTeX/texmfs/install/fonts/type1/p
ublic/amsfonts/cm/cmsy7.pfb></Users/zanebillings/Library/Application Support/Mi
KTeX/texmfs/install/fonts/type1/public/amsfonts/cm/cmti10.pfb>
Output written on Project2_Caimans.pdf (15 pages, 4798083 bytes).
PDF statistics:
 126 PDF objects out of 1000 (max. 8388607)
 0 named destinations out of 1000 (max. 500000)
 12404 words of extra memory for PDF output out of 14400 (max. 10000000)

